<?xml version="1.0" encoding="UTF-8"?>
<testsuite xmlns:xsi="http://www.w3.org/2001/XMLSchema-instance" xsi:noNamespaceSchemaLocation="https://maven.apache.org/surefire/maven-surefire-plugin/xsd/surefire-test-report-3.0.xsd" version="3.0" name="BackspaceCompareTest" time="0.017" tests="24" errors="0" skipped="0" failures="0">
  <properties>
[...]
</properties>
  <testcase name="testSingleBackspace" classname="BackspaceCompareTest" time="0.002"/>
  <testcase name="testMultipleDifferentChars" classname="BackspaceCompareTest" time="0.001"/>
  <testcase name="testNoSpecials" classname="BackspaceCompareTest" time="0"/>
  <testcase name="testEmpty" classname="BackspaceCompareTest" time="0"/>
  <testcase name="testNonAlphanumeric" classname="BackspaceCompareTest" time="0"/>
  <testcase name="testBackspacesStartEnd" classname="BackspaceCompareTest" time="0"/>
  <testcase name="testConsecutiveBackspaces" classname="BackspaceCompareTest" time="0.001"/>
  <testcase name="testSingleBackspaceBoth" classname="BackspaceCompareTest" time="0"/>
  <testcase name="testSpacesAndBackspaces" classname="BackspaceCompareTest" time="0"/>
  <testcase name="testOnlyBackspaces" classname="BackspaceCompareTest" time="0"/>
  <testcase name="testTrailingCharacters" classname="BackspaceCompareTest" time="0"/>
  <testcase name="testBackspacesDifferentChars" classname="BackspaceCompareTest" time="0.001"/>
  <testcase name="testSameLengthDifferentEffectiveLength" classname="BackspaceCompareTest" time="0"/>
  <testcase name="testLongStrings" classname="BackspaceCompareTest" time="0.003"/>
  <testcase name="testLeadingBackspaces" classname="BackspaceCompareTest" time="0"/>
  <testcase name="testUselessBackspaces" classname="BackspaceCompareTest" time="0.001"/>
  <testcase name="testAllBackspaces" classname="BackspaceCompareTest" time="0"/>
  <testcase name="testBackspaceNotAffecting" classname="BackspaceCompareTest" time="0"/>
  <testcase name="testDifferentLengthsSameEffectiveLength" classname="BackspaceCompareTest" time="0"/>
  <testcase name="testEmptyAndBackspacesOnly" classname="BackspaceCompareTest" time="0"/>
  <testcase name="testNoBackspaces" classname="BackspaceCompareTest" time="0"/>
  <testcase name="testMixedCase" classname="BackspaceCompareTest" time="0.001"/>
  <testcase name="testExtraBackspaces" classname="BackspaceCompareTest" time="0"/>
  <testcase name="testNumbersAndSpecialChars" classname="BackspaceCompareTest" time="0"/>
</testsuite>